============================= test session starts ==============================
platform linux -- Python 3.12.12, pytest-9.0.2, pluggy-1.6.0 -- /usr/bin/python
cachedir: .pytest_cache
rootdir: /home/bezawadm/TL69---Capstone
plugins: anyio-4.13.0
collecting ... collected 15 items

tests/test_er_bm25.py::test_bm25_retrieve_returns_expected_fields PASSED [  6%]
tests/test_er_bm25.py::test_bm25_retrieve_handles_invalid_raw_json PASSED [ 13%]
tests/test_er_bm25.py::test_bm25_retrieve_uses_default_k_when_not_overridden PASSED [ 20%]
tests/test_er_colbert.py::test_colbert_rerank_returns_sorted_expected_fields PASSED [ 26%]
tests/test_er_colbert.py::test_colbert_rerank_skips_empty_candidates PASSED [ 33%]
tests/test_er_confidence.py::test_confidence_returns_false_for_empty_results PASSED [ 40%]
tests/test_er_confidence.py::test_confidence_returns_true_for_single_result PASSED [ 46%]
tests/test_er_confidence.py::test_confidence_returns_false_when_scores_are_identical PASSED [ 53%]
tests/test_er_confidence.py::test_confidence_returns_false_when_top_gap_is_too_small PASSED [ 60%]
tests/test_er_confidence.py::test_confidence_returns_true_for_clear_top_hit PASSED [ 66%]
tests/test_er_pipeline.py::test_retrieve_returns_expected_contract PASSED [ 73%]
tests/test_er_pipeline.py::test_retrieve_handles_empty_results PASSED    [ 80%]
tests/test_er_pipeline.py::test_retrieve_uses_live_news_fallback_when_local_evidence_is_not_confident PASSED [ 86%]
tests/test_er_pipeline.py::test_retrieve_respects_evidence_k PASSED      [ 93%]
tests/test_er_pipeline.py::test_latency_budget_with_stubbed_components PASSED [100%]

